<?xml version="1.0" encoding="UTF-8"?>
<!-- Generated by org.testng.reporters.JUnitReportReporter -->
<testsuite hostname="Sivabalans-MacBook-Pro.local" failures="0" tests="1" name="Selenium.FrameHandling" time="11.577" errors="0" timestamp="2025-06-26T05:36:33 GMT-04:00" skipped="0">
  <testcase classname="Selenium.FrameHandling" name="FrameHandle" time="11.577"/>
</testsuite> <!-- Selenium.FrameHandling -->
