<?xml version="1.0" encoding="UTF-8"?>
<!-- Generated by org.testng.reporters.JUnitReportReporter -->
<testsuite hostname="Sivabalans-MacBook-Pro.local" failures="0" tests="1" name="Selenium.LaunchChrome" time="3.999" errors="0" timestamp="2025-08-23T20:23:43 GMT-04:00" skipped="0">
  <testcase classname="Selenium.LaunchChrome" name="validateTitle" time="3.999"/>
</testsuite> <!-- Selenium.LaunchChrome -->
