<?xml version="1.0" encoding="UTF-8"?>
<!-- Generated by org.testng.reporters.JUnitReportReporter -->
<testsuite hostname="Sivabalans-MacBook-Pro.local" failures="0" tests="2" name="Selenium.MouseMovement" time="27.053" errors="0" timestamp="2025-08-23T20:23:43 GMT-04:00" skipped="0">
  <testcase classname="Selenium.MouseMovement" name="dragDrop" time="8.842"/>
  <testcase classname="Selenium.MouseMovement" name="mouseHover" time="18.211"/>
</testsuite> <!-- Selenium.MouseMovement -->
