<?xml version="1.0" encoding="UTF-8"?>
<!-- Generated by org.testng.reporters.JUnitReportReporter -->
<testsuite hostname="Sivabalans-MacBook-Pro.local" failures="0" tests="1" name="TestNGBasics.TestNGBasics" time="0.012" errors="0" timestamp="2025-06-15T07:12:28 GMT-04:00" skipped="0">
  <testcase classname="TestNGBasics.TestNGBasics" name="validateTitle" time="0.012"/>
</testsuite> <!-- TestNGBasics.TestNGBasics -->
