<?xml version="1.0" encoding="UTF-8"?>
<!-- Generated by org.testng.reporters.JUnitReportReporter -->
<testsuite hostname="Sivabalans-MacBook-Pro.local" failures="0" tests="2" name="Selenium.MouseMovement" time="26.870" errors="0" timestamp="2025-08-22T20:20:09 GMT-04:00" skipped="0">
  <testcase classname="Selenium.MouseMovement" name="dragDrop" time="8.685"/>
  <testcase classname="Selenium.MouseMovement" name="mouseHover" time="18.185"/>
</testsuite> <!-- Selenium.MouseMovement -->
