<?xml version="1.0" encoding="UTF-8"?>
<!-- Generated by org.testng.reporters.JUnitReportReporter -->
<testsuite hostname="Sivabalans-MacBook-Pro.local" failures="0" tests="2" name="Selenium.HandlePopUp" time="22.095" errors="0" timestamp="2025-06-19T10:47:40 GMT-04:00" skipped="0">
  <testcase classname="Selenium.HandlePopUp" name="HandlePopUpAlert" time="13.367"/>
  <testcase classname="Selenium.HandlePopUp" name="HandleBrowseUploadFile" time="8.728"/>
</testsuite> <!-- Selenium.HandlePopUp -->
