<?xml version="1.0" encoding="UTF-8"?>
<!-- Generated by org.testng.reporters.JUnitReportReporter -->
<testsuite hostname="Sivabalans-MacBook-Pro.local" failures="0" tests="1" name="Selenium.AccountRegistration" time="9.380" errors="0" timestamp="2025-08-22T20:26:19 GMT-04:00" skipped="0">
  <testcase classname="Selenium.AccountRegistration" name="EnterDetailsAndCompleteAccountRegistration" time="9.380"/>
</testsuite> <!-- Selenium.AccountRegistration -->
