<?xml version="1.0" encoding="UTF-8"?>
<!-- Generated by org.testng.reporters.JUnitReportReporter -->
<testsuite hostname="Sivabalans-MacBook-Pro.local" failures="0" tests="1" name="Selenium.LaunchChrome" time="4.230" errors="0" timestamp="2025-08-22T20:44:19 GMT-04:00" skipped="0">
  <testcase classname="Selenium.LaunchChrome" name="validateTitle" time="4.230"/>
</testsuite> <!-- Selenium.LaunchChrome -->
